<?xml version="1.0" encoding="UTF-8"?>
<!-- Generated by org.testng.reporters.JUnitReportReporter -->
<testsuite skipped="0" hostname="DESKTOP-LAO6R8V" name="com.tutorialsninja.testsuite.MyAccountPageTest" tests="3" failures="0" timestamp="2022-12-13T13:56:20 GMT" time="60.341" errors="0">
  <testcase name="verifyUserShouldNavigateToRegisterPageSuccessfully" time="25.757" classname="com.tutorialsninja.testsuite.MyAccountPageTest"/>
  <system-out>
    <![CDATA[Click on my account[[ChromeDriver: chrome on WINDOWS (1e3239cf0d69f0ebbfc9d6b2be7fc615)] -> xpath: //span[contains(text(),'My Account')]]
Verify register text [[ChromeDriver: chrome on WINDOWS (1e3239cf0d69f0ebbfc9d6b2be7fc615)] -> xpath: //h1[contains(text(),'Register Account')]]]]>
  </system-out>
  <testcase name="verifyThatUserRegisterAccountSuccessfully" time="29.873" classname="com.tutorialsninja.testsuite.MyAccountPageTest"/>
  <system-out>
    <![CDATA[Click on my account[[ChromeDriver: chrome on WINDOWS (96c91c5e9bda97ee31ce10f8c5e7cf56)] -> xpath: //span[contains(text(),'My Account')]]
Enter first name[[ChromeDriver: chrome on WINDOWS (96c91c5e9bda97ee31ce10f8c5e7cf56)] -> id: input-firstname]
Enter last name[[ChromeDriver: chrome on WINDOWS (96c91c5e9bda97ee31ce10f8c5e7cf56)] -> id: input-lastname]
Enter email Prime977@gmail.com
Enter telephone [[ChromeDriver: chrome on WINDOWS (96c91c5e9bda97ee31ce10f8c5e7cf56)] -> id: input-telephone]
Enter password[[ChromeDriver: chrome on WINDOWS (96c91c5e9bda97ee31ce10f8c5e7cf56)] -> id: input-password]
Enter conform password [[ChromeDriver: chrome on WINDOWS (96c91c5e9bda97ee31ce10f8c5e7cf56)] -> id: input-confirm]
Click on newsletter button [[ChromeDriver: chrome on WINDOWS (96c91c5e9bda97ee31ce10f8c5e7cf56)] -> xpath: //input[@name='newsletter']]
Click on privacy policy [[ChromeDriver: chrome on WINDOWS (96c91c5e9bda97ee31ce10f8c5e7cf56)] -> xpath: //div[@class = 'buttons']//input[@name='agree']]
Click on continue [[ChromeDriver: chrome on WINDOWS (96c91c5e9bda97ee31ce10f8c5e7cf56)] -> xpath: //div[@class = 'buttons']//input[@value='Continue']]
Verify message [[ChromeDriver: chrome on WINDOWS (96c91c5e9bda97ee31ce10f8c5e7cf56)] -> xpath: //h1[contains(text(),'Your Account Has Been Created!')]]
click on continue [[ChromeDriver: chrome on WINDOWS (96c91c5e9bda97ee31ce10f8c5e7cf56)] -> xpath: //a[contains(text(),'Continue')]]
click on my account link [[ChromeDriver: chrome on WINDOWS (96c91c5e9bda97ee31ce10f8c5e7cf56)] -> xpath: //span[contains(text(),'My Account')]]
Verify logout text [[ChromeDriver: chrome on WINDOWS (96c91c5e9bda97ee31ce10f8c5e7cf56)] -> xpath: //h1[contains(text(),'Account Logout')]]
Click on continue]]>
  </system-out>
  <testcase name="verifyUserShouldNavigateToLoginPageSuccessfully" time="4.711" classname="com.tutorialsninja.testsuite.MyAccountPageTest"/>
  <system-out>
    <![CDATA[Click on my account[[ChromeDriver: chrome on WINDOWS (df4b39f1fbb72ec4c577549fe34e581b)] -> xpath: //span[contains(text(),'My Account')]]
Verify returning text [[ChromeDriver: chrome on WINDOWS (df4b39f1fbb72ec4c577549fe34e581b)] -> xpath: //h2[contains(text(),'Returning Customer')]]]]>
  </system-out>
</testsuite> <!-- com.tutorialsninja.testsuite.MyAccountPageTest -->
