<?xml version="1.0" encoding="UTF-8"?>
<!-- Generated by org.testng.reporters.JUnitReportReporter -->
<testsuite skipped="0" hostname="DESKTOP-LAO6R8V" name="com.tutorialsninja.testsuite.TopMenuPageTest" tests="3" failures="0" timestamp="2022-12-13T13:56:20 GMT" time="17.649" errors="0">
  <testcase name="verifyUserShouldNavigateToLaptopsAndNotebooksPageSuccessfully" time="4.911" classname="com.tutorialsninja.testsuite.TopMenuPageTest"/>
  <system-out>
    <![CDATA[Mousehover on laptop and notebook and click[[ChromeDriver: chrome on WINDOWS (26cc73498e0d7a1f7ad5b625b33fa6bc)] -> link text: Laptops & Notebooks]
Select show all option and notebook
Verify text[[ChromeDriver: chrome on WINDOWS (26cc73498e0d7a1f7ad5b625b33fa6bc)] -> xpath: //h2[contains(text(),'Laptops & Notebooks')]]]]>
  </system-out>
  <testcase name="verifyUserShouldNavigateToDesktopsPageSuccessfully" time="5.459" classname="com.tutorialsninja.testsuite.TopMenuPageTest"/>
  <system-out>
    <![CDATA[Select show all desktops
Verify message [[ChromeDriver: chrome on WINDOWS (8f70d3d8513ae3a652a2de21c96d9846)] -> xpath: //h2[contains(text(),'Desktops')]]]]>
  </system-out>
  <testcase name="verifyUserShouldNavigateToComponentsPageSuccessfully" time="7.279" classname="com.tutorialsninja.testsuite.TopMenuPageTest"/>
  <system-out>
    <![CDATA[Mousehover on componant and click[[ChromeDriver: chrome on WINDOWS (cce9a20983f72402ed25de60f3943b68)] -> link text: Components]
Select show all componant
Verify message[[ChromeDriver: chrome on WINDOWS (cce9a20983f72402ed25de60f3943b68)] -> xpath: //h2[contains(text(),'Components')]]]]>
  </system-out>
</testsuite> <!-- com.tutorialsninja.testsuite.TopMenuPageTest -->
